#
# There is insufficient memory for the Java Runtime Environment to continue.
# Native memory allocation (malloc) failed to allocate 367856 bytes for Chunk::new
# Possible reasons:
#   The system is out of physical RAM or swap space
#   The process is running with CompressedOops enabled, and the Java Heap may be blocking the growth of the native heap
# Possible solutions:
#   Reduce memory load on the system
#   Increase physical memory or swap space
#   Check if swap backing store is full
#   Decrease Java heap size (-Xmx/-Xms)
#   Decrease number of Java threads
#   Decrease Java thread stack sizes (-Xss)
#   Set larger code cache with -XX:ReservedCodeCacheSize=
#   JVM is running with Zero Based Compressed Oops mode in which the Java heap is
#     placed in the first 32GB address space. The Java Heap base address is the
#     maximum limit for the native heap growth. Please use -XX:HeapBaseMinAddress
#     to set the Java Heap base and to place the Java Heap above 32GB virtual address.
# This output file may be truncated or incomplete.
#
#  Out of Memory Error (arena.cpp:168), pid=25104, tid=5708
#
# JRE version: OpenJDK Runtime Environment (21.0.2+13) (build 21.0.2+13-58)
# Java VM: OpenJDK 64-Bit Server VM (21.0.2+13-58, mixed mode, sharing, tiered, compressed oops, compressed class ptrs, g1 gc, windows-amd64)
# No core dump will be written. Minidumps are not enabled by default on client versions of Windows
#

---------------  S U M M A R Y ------------

Command Line: -agentlib:jdwp=transport=dt_socket,address=127.0.0.1:62741,suspend=y,server=n -javaagent:C:\Users\SAIVAR~1\AppData\Local\Temp\captureAgent1jars\debugger-agent.jar -Dfile.encoding=UTF-8 -Dsun.stdout.encoding=UTF-8 -Dsun.stderr.encoding=UTF-8 com.VendingMachine.VendingMachineApplication

Host: Intel(R) Core(TM) i7-8665U CPU @ 1.90GHz, 8 cores, 15G,  Windows 11 , 64 bit Build 22621 (10.0.22621.3958)
Time: Thu Oct 17 20:21:45 2024 India Standard Time elapsed time: 5331.430196 seconds (0d 1h 28m 51s)

---------------  T H R E A D  ---------------

Current thread (0x000001e39555ca30):  JavaThread "C2 CompilerThread0" daemon [_thread_in_native, id=5708, stack(0x000000696b100000,0x000000696b200000) (1024K)]


Current CompileTask:
C2:5331430 6338   !   4       java.lang.Class::getEnumConstantsShared (71 bytes)

Stack: [0x000000696b100000,0x000000696b200000]
Native frames: (J=compiled Java code, j=interpreted, Vv=VM code, C=native code)
V  [jvm.dll+0x6cade9]
V  [jvm.dll+0x8569c1]
V  [jvm.dll+0x858d2e]
V  [jvm.dll+0x859413]
V  [jvm.dll+0x280e56]
V  [jvm.dll+0xc3f3d]
V  [jvm.dll+0xc4473]
V  [jvm.dll+0x3b5bf2]
V  [jvm.dll+0x382855]
V  [jvm.dll+0x381cca]
V  [jvm.dll+0x249bd0]
V  [jvm.dll+0x2491b1]
V  [jvm.dll+0x1c9634]
V  [jvm.dll+0x258859]
V  [jvm.dll+0x256e3a]
V  [jvm.dll+0x3ef6c6]
V  [jvm.dll+0x7ff568]
V  [jvm.dll+0x6c953d]
C  [ucrtbase.dll+0x29333]
C  [KERNEL32.DLL+0x1257d]
C  [ntdll.dll+0x5af08]


---------------  P R O C E S S  ---------------

Threads class SMR info:
_java_thread_list=0x000001e3e09412e0, length=33, elements={
0x000001e395545b80, 0x000001e395546c50, 0x000001e395549380, 0x000001e39554b460,
0x000001e395550b40, 0x000001e39554f100, 0x000001e39555ca30, 0x000001e39558a910,
0x000001e39554d6c0, 0x000001e3958deca0, 0x000001e3958e26d0, 0x000001e3958e2d50,
0x000001e39554dd50, 0x000001e39554ea70, 0x000001e39554fe20, 0x000001e3955504b0,
0x000001e39554e3e0, 0x000001e3de94df70, 0x000001e3de950d60, 0x000001e3de94e600,
0x000001e3de94f320, 0x000001e3de950040, 0x000001e3de952110, 0x000001e3de9541e0,
0x000001e3de9506d0, 0x000001e3de94ec90, 0x000001e3de9513f0, 0x000001e3de94d250,
0x000001e3de9527a0, 0x000001e3de94d8e0, 0x000001e3de951a80, 0x000001e3de952e30,
0x000001e3de9534c0
}

Java Threads: ( => current thread )
  0x000001e395545b80 JavaThread "Reference Handler"          daemon [_thread_blocked, id=12760, stack(0x000000696ab00000,0x000000696ac00000) (1024K)]
  0x000001e395546c50 JavaThread "Finalizer"                  daemon [_thread_blocked, id=19424, stack(0x000000696ac00000,0x000000696ad00000) (1024K)]
  0x000001e395549380 JavaThread "Signal Dispatcher"          daemon [_thread_blocked, id=19792, stack(0x000000696ad00000,0x000000696ae00000) (1024K)]
  0x000001e39554b460 JavaThread "Attach Listener"            daemon [_thread_blocked, id=21440, stack(0x000000696ae00000,0x000000696af00000) (1024K)]
  0x000001e395550b40 JavaThread "Service Thread"             daemon [_thread_blocked, id=19240, stack(0x000000696af00000,0x000000696b000000) (1024K)]
  0x000001e39554f100 JavaThread "Monitor Deflation Thread"   daemon [_thread_blocked, id=21824, stack(0x000000696b000000,0x000000696b100000) (1024K)]
=>0x000001e39555ca30 JavaThread "C2 CompilerThread0"         daemon [_thread_in_native, id=5708, stack(0x000000696b100000,0x000000696b200000) (1024K)]
  0x000001e39558a910 JavaThread "C1 CompilerThread0"         daemon [_thread_blocked, id=11168, stack(0x000000696b200000,0x000000696b300000) (1024K)]
  0x000001e39554d6c0 JavaThread "Common-Cleaner"             daemon [_thread_blocked, id=17908, stack(0x000000696b300000,0x000000696b400000) (1024K)]
  0x000001e3958deca0 JavaThread "JDWP Transport Listener: dt_socket" daemon [_thread_blocked, id=26292, stack(0x000000696b400000,0x000000696b500000) (1024K)]
  0x000001e3958e26d0 JavaThread "JDWP Event Helper Thread"   daemon [_thread_blocked, id=10360, stack(0x000000696b500000,0x000000696b600000) (1024K)]
  0x000001e3958e2d50 JavaThread "JDWP Command Reader"        daemon [_thread_in_native, id=13356, stack(0x000000696b600000,0x000000696b700000) (1024K)]
  0x000001e39554dd50 JavaThread "Notification Thread"        daemon [_thread_blocked, id=20452, stack(0x000000696b700000,0x000000696b800000) (1024K)]
  0x000001e39554ea70 JavaThread "Catalina-utility-1"                [_thread_blocked, id=22832, stack(0x000000696c200000,0x000000696c300000) (1024K)]
  0x000001e39554fe20 JavaThread "Catalina-utility-2"                [_thread_blocked, id=21696, stack(0x000000696c300000,0x000000696c400000) (1024K)]
  0x000001e3955504b0 JavaThread "container-0"                       [_thread_blocked, id=13816, stack(0x000000696c400000,0x000000696c500000) (1024K)]
  0x000001e39554e3e0 JavaThread "mysql-cj-abandoned-connection-cleanup" daemon [_thread_blocked, id=21028, stack(0x000000696c500000,0x000000696c600000) (1024K)]
  0x000001e3de94df70 JavaThread "HikariPool-1 housekeeper"   daemon [_thread_blocked, id=22928, stack(0x000000696c700000,0x000000696c800000) (1024K)]
  0x000001e3de950d60 JavaThread "http-nio-9090-exec-1"       daemon [_thread_blocked, id=20844, stack(0x000000696c900000,0x000000696ca00000) (1024K)]
  0x000001e3de94e600 JavaThread "http-nio-9090-exec-2"       daemon [_thread_blocked, id=18724, stack(0x000000696ca00000,0x000000696cb00000) (1024K)]
  0x000001e3de94f320 JavaThread "http-nio-9090-exec-3"       daemon [_thread_blocked, id=25648, stack(0x000000696cb00000,0x000000696cc00000) (1024K)]
  0x000001e3de950040 JavaThread "http-nio-9090-exec-4"       daemon [_thread_blocked, id=10564, stack(0x000000696cc00000,0x000000696cd00000) (1024K)]
  0x000001e3de952110 JavaThread "http-nio-9090-exec-5"       daemon [_thread_blocked, id=11092, stack(0x000000696cd00000,0x000000696ce00000) (1024K)]
  0x000001e3de9541e0 JavaThread "http-nio-9090-exec-6"       daemon [_thread_blocked, id=9412, stack(0x000000696ce00000,0x000000696cf00000) (1024K)]
  0x000001e3de9506d0 JavaThread "http-nio-9090-exec-7"       daemon [_thread_blocked, id=17004, stack(0x000000696cf00000,0x000000696d000000) (1024K)]
  0x000001e3de94ec90 JavaThread "http-nio-9090-exec-8"       daemon [_thread_blocked, id=19532, stack(0x000000696d000000,0x000000696d100000) (1024K)]
  0x000001e3de9513f0 JavaThread "http-nio-9090-exec-9"       daemon [_thread_blocked, id=21936, stack(0x000000696d100000,0x000000696d200000) (1024K)]
  0x000001e3de94d250 JavaThread "http-nio-9090-exec-10"      daemon [_thread_blocked, id=10048, stack(0x000000696d200000,0x000000696d300000) (1024K)]
  0x000001e3de9527a0 JavaThread "http-nio-9090-Poller"       daemon [_thread_in_native, id=23972, stack(0x000000696d300000,0x000000696d400000) (1024K)]
  0x000001e3de94d8e0 JavaThread "http-nio-9090-Acceptor"     daemon [_thread_in_native, id=15308, stack(0x000000696d400000,0x000000696d500000) (1024K)]
  0x000001e3de951a80 JavaThread "DestroyJavaVM"                     [_thread_blocked, id=23152, stack(0x000000696a300000,0x000000696a400000) (1024K)]
  0x000001e3de952e30 JavaThread "HikariPool-1 connection closer" daemon [_thread_blocked, id=3256, stack(0x000000696a000000,0x000000696a100000) (1024K)]
  0x000001e3de9534c0 JavaThread "HikariPool-1 connection adder" daemon [_thread_blocked, id=6596, stack(0x000000696a100000,0x000000696a200000) (1024K)]
Total: 33

Other Threads:
  0x000001e395529350 VMThread "VM Thread"                           [id=16080, stack(0x000000696aa00000,0x000000696ab00000) (1024K)]
  0x000001e3955111e0 WatcherThread "VM Periodic Task Thread"        [id=12164, stack(0x000000696a900000,0x000000696aa00000) (1024K)]
  0x000001e3f643f700 WorkerThread "GC Thread#0"                     [id=17176, stack(0x000000696a400000,0x000000696a500000) (1024K)]
  0x000001e3db97ce90 WorkerThread "GC Thread#1"                     [id=24936, stack(0x000000696b800000,0x000000696b900000) (1024K)]
  0x000001e3db901a70 WorkerThread "GC Thread#2"                     [id=26004, stack(0x000000696b900000,0x000000696ba00000) (1024K)]
  0x000001e3db901e10 WorkerThread "GC Thread#3"                     [id=21672, stack(0x000000696ba00000,0x000000696bb00000) (1024K)]
  0x000001e3db9021b0 WorkerThread "GC Thread#4"                     [id=2384, stack(0x000000696bb00000,0x000000696bc00000) (1024K)]
  0x000001e3db902550 WorkerThread "GC Thread#5"                     [id=12280, stack(0x000000696bc00000,0x000000696bd00000) (1024K)]
  0x000001e3db902b00 WorkerThread "GC Thread#6"                     [id=18248, stack(0x000000696bd00000,0x000000696be00000) (1024K)]
  0x000001e3db3e3050 WorkerThread "GC Thread#7"                     [id=4156, stack(0x000000696be00000,0x000000696bf00000) (1024K)]
  0x000001e3f64505a0 ConcurrentGCThread "G1 Main Marker"            [id=12460, stack(0x000000696a500000,0x000000696a600000) (1024K)]
  0x000001e3f64510a0 WorkerThread "G1 Conc#0"                       [id=21224, stack(0x000000696a600000,0x000000696a700000) (1024K)]
  0x000001e3dba23fc0 WorkerThread "G1 Conc#1"                       [id=16576, stack(0x000000696bf00000,0x000000696c000000) (1024K)]
  0x000001e3f648eba0 ConcurrentGCThread "G1 Refine#0"               [id=15176, stack(0x000000696a700000,0x000000696a800000) (1024K)]
  0x000001e3953e58a0 ConcurrentGCThread "G1 Service"                [id=17848, stack(0x000000696a800000,0x000000696a900000) (1024K)]
Total: 15

Threads with active compile tasks:
C2 CompilerThread0  5331476 6338   !   4       java.lang.Class::getEnumConstantsShared (71 bytes)
Total: 1

VM state: not at safepoint (normal execution)

VM Mutex/Monitor currently owned by a thread: None

Heap address: 0x0000000702e00000, size: 4050 MB, Compressed Oops mode: Zero based, Oop shift amount: 3

CDS archive(s) mapped at: [0x000001e396000000-0x000001e396c90000-0x000001e396c90000), size 13172736, SharedBaseAddress: 0x000001e396000000, ArchiveRelocationMode: 1.
Compressed class space mapped at: 0x000001e397000000-0x000001e3d7000000, reserved size: 1073741824
Narrow klass base: 0x000001e396000000, Narrow klass shift: 0, Narrow klass range: 0x100000000

GC Precious Log:
 CardTable entry size: 512
 Card Set container configuration: InlinePtr #cards 4 size 8 Array Of Cards #cards 16 size 48 Howl #buckets 8 coarsen threshold 3686 Howl Bitmap #cards 512 size 80 coarsen threshold 460 Card regions per heap region 1 cards per card region 4096
 CPUs: 8 total, 8 available
 Memory: 16198M
 Large Page Support: Disabled
 NUMA Support: Disabled
 Compressed Oops: Enabled (Zero based)
 Heap Region Size: 2M
 Heap Min Capacity: 8M
 Heap Initial Capacity: 254M
 Heap Max Capacity: 4050M
 Pre-touch: Disabled
 Parallel Workers: 8
 Concurrent Workers: 2
 Concurrent Refinement Workers: 8
 Periodic GC: Disabled

Heap:
 garbage-first heap   total 61440K, used 44159K [0x0000000702e00000, 0x0000000800000000)
  region size 2048K, 10 young (20480K), 1 survivors (2048K)
 Metaspace       used 70326K, committed 71040K, reserved 1114112K
  class space    used 9269K, committed 9600K, reserved 1048576K

Heap Regions: E=young(eden), S=young(survivor), O=old, HS=humongous(starts), HC=humongous(continues), CS=collection set, F=free, TAMS=top-at-mark-start, PB=parsable bottom
|   0|0x0000000702e00000, 0x0000000703000000, 0x0000000703000000|100%| O|  |TAMS 0x0000000702e00000| PB 0x0000000702e00000| Untracked 
|   1|0x0000000703000000, 0x0000000703200000, 0x0000000703200000|100%| O|  |TAMS 0x0000000703000000| PB 0x0000000703000000| Untracked 
|   2|0x0000000703200000, 0x0000000703400000, 0x0000000703400000|100%| O|  |TAMS 0x0000000703200000| PB 0x0000000703200000| Untracked 
|   3|0x0000000703400000, 0x0000000703600000, 0x0000000703600000|100%| O|  |TAMS 0x0000000703400000| PB 0x0000000703400000| Untracked 
|   4|0x0000000703600000, 0x0000000703800000, 0x0000000703800000|100%| O|  |TAMS 0x0000000703600000| PB 0x0000000703600000| Untracked 
|   5|0x0000000703800000, 0x0000000703a00000, 0x0000000703a00000|100%| O|  |TAMS 0x0000000703800000| PB 0x0000000703800000| Untracked 
|   6|0x0000000703a00000, 0x0000000703c00000, 0x0000000703c00000|100%| O|  |TAMS 0x0000000703a00000| PB 0x0000000703a00000| Untracked 
|   7|0x0000000703c00000, 0x0000000703e00000, 0x0000000703e00000|100%| O|  |TAMS 0x0000000703c00000| PB 0x0000000703c00000| Untracked 
|   8|0x0000000703e00000, 0x0000000703e00000, 0x0000000704000000|  0%| F|  |TAMS 0x0000000703e00000| PB 0x0000000703e00000| Untracked 
|   9|0x0000000704000000, 0x0000000704200000, 0x0000000704200000|100%| O|  |TAMS 0x0000000704000000| PB 0x0000000704000000| Untracked 
|  10|0x0000000704200000, 0x0000000704400000, 0x0000000704400000|100%| O|  |TAMS 0x0000000704200000| PB 0x0000000704200000| Untracked 
|  11|0x0000000704400000, 0x0000000704600000, 0x0000000704600000|100%| O|  |TAMS 0x0000000704400000| PB 0x0000000704400000| Untracked 
|  12|0x0000000704600000, 0x0000000704800000, 0x0000000704800000|100%| O|  |TAMS 0x0000000704600000| PB 0x0000000704600000| Untracked 
|  13|0x0000000704800000, 0x0000000704800000, 0x0000000704a00000|  0%| F|  |TAMS 0x0000000704800000| PB 0x0000000704800000| Untracked 
|  14|0x0000000704a00000, 0x0000000704a00000, 0x0000000704c00000|  0%| F|  |TAMS 0x0000000704a00000| PB 0x0000000704a00000| Untracked 
|  15|0x0000000704c00000, 0x0000000704d2e7d0, 0x0000000704e00000| 59%| O|  |TAMS 0x0000000704c00000| PB 0x0000000704c00000| Untracked 
|  16|0x0000000704e00000, 0x0000000704e00000, 0x0000000705000000|  0%| F|  |TAMS 0x0000000704e00000| PB 0x0000000704e00000| Untracked 
|  17|0x0000000705000000, 0x00000007051f1510, 0x0000000705200000| 97%| S|CS|TAMS 0x0000000705000000| PB 0x0000000705000000| Complete 
|  18|0x0000000705200000, 0x0000000705200000, 0x0000000705400000|  0%| F|  |TAMS 0x0000000705200000| PB 0x0000000705200000| Untracked 
|  19|0x0000000705400000, 0x0000000705400000, 0x0000000705600000|  0%| F|  |TAMS 0x0000000705400000| PB 0x0000000705400000| Untracked 
|  20|0x0000000705600000, 0x0000000705600000, 0x0000000705800000|  0%| F|  |TAMS 0x0000000705600000| PB 0x0000000705600000| Untracked 
|  21|0x0000000705800000, 0x000000070598aea8, 0x0000000705a00000| 77%| E|  |TAMS 0x0000000705800000| PB 0x0000000705800000| Complete 
|  22|0x0000000705a00000, 0x0000000705c00000, 0x0000000705c00000|100%| E|CS|TAMS 0x0000000705a00000| PB 0x0000000705a00000| Complete 
|  23|0x0000000705c00000, 0x0000000705e00000, 0x0000000705e00000|100%| E|CS|TAMS 0x0000000705c00000| PB 0x0000000705c00000| Complete 
|  24|0x0000000705e00000, 0x0000000706000000, 0x0000000706000000|100%| E|CS|TAMS 0x0000000705e00000| PB 0x0000000705e00000| Complete 
|  90|0x000000070e200000, 0x000000070e400000, 0x000000070e400000|100%| E|CS|TAMS 0x000000070e200000| PB 0x000000070e200000| Complete 
|  91|0x000000070e400000, 0x000000070e600000, 0x000000070e600000|100%| E|CS|TAMS 0x000000070e400000| PB 0x000000070e400000| Complete 
|  92|0x000000070e600000, 0x000000070e800000, 0x000000070e800000|100%| E|CS|TAMS 0x000000070e600000| PB 0x000000070e600000| Complete 
|  93|0x000000070e800000, 0x000000070ea00000, 0x000000070ea00000|100%| E|CS|TAMS 0x000000070e800000| PB 0x000000070e800000| Complete 
| 126|0x0000000712a00000, 0x0000000712c00000, 0x0000000712c00000|100%| E|CS|TAMS 0x0000000712a00000| PB 0x0000000712a00000| Complete 

Card table byte_map: [0x000001e3ff340000,0x000001e3ffb30000] _byte_map_base: 0x000001e3fbb29000

Marking Bits: (CMBitMap*) 0x000001e3f643fe00
 Bits: [0x000001e38f000000, 0x000001e392f48000)

Polling page: 0x000001e3f5b90000

Metaspace:

Usage:
  Non-class:     59.63 MB used.
      Class:      9.05 MB used.
       Both:     68.68 MB used.

Virtual space:
  Non-class space:       64.00 MB reserved,      60.00 MB ( 94%) committed,  1 nodes.
      Class space:        1.00 GB reserved,       9.38 MB ( <1%) committed,  1 nodes.
             Both:        1.06 GB reserved,      69.38 MB (  6%) committed. 

Chunk freelists:
   Non-Class:  3.91 MB
       Class:  6.61 MB
        Both:  10.52 MB

MaxMetaspaceSize: unlimited
CompressedClassSpaceSize: 1.00 GB
Initial GC threshold: 21.00 MB
Current GC threshold: 98.38 MB
CDS: on
 - commit_granule_bytes: 65536.
 - commit_granule_words: 8192.
 - virtual_space_node_default_size: 8388608.
 - enlarge_chunks_in_place: 1.
 - use_allocation_guard: 0.


Internal statistics:

num_allocs_failed_limit: 9.
num_arena_births: 910.
num_arena_deaths: 0.
num_vsnodes_births: 2.
num_vsnodes_deaths: 0.
num_space_committed: 1110.
num_space_uncommitted: 0.
num_chunks_returned_to_freelist: 9.
num_chunks_taken_from_freelist: 3331.
num_chunk_merges: 6.
num_chunk_splits: 2387.
num_chunks_enlarged: 1868.
num_inconsistent_stats: 0.

CodeHeap 'non-profiled nmethods': size=120000Kb used=4604Kb max_used=4604Kb free=115396Kb
 bounds [0x000001e387ad0000, 0x000001e387f50000, 0x000001e38f000000]
CodeHeap 'profiled nmethods': size=120000Kb used=11414Kb max_used=11414Kb free=108585Kb
 bounds [0x000001e380000000, 0x000001e380b30000, 0x000001e387530000]
CodeHeap 'non-nmethods': size=5760Kb used=1771Kb max_used=1860Kb free=3988Kb
 bounds [0x000001e387530000, 0x000001e3877a0000, 0x000001e387ad0000]
 total_blobs=6403 nmethods=5671 adapters=636
 compilation: enabled
              stopped_count=0, restarted_count=0
 full_count=0

Compilation events (20 events):
Event: 5331.397 Thread 0x000001e39558a910 6340       3       sun.security.util.math.intpoly.IntegerPolynomialP256::finalCarryReduceLast (103 bytes)
Event: 5331.398 Thread 0x000001e39558a910 nmethod 6340 0x000001e380b1eb10 code [0x000001e380b1ecc0, 0x000001e380b1eeb8]
Event: 5331.398 Thread 0x000001e39558a910 6341       3       com.sun.crypto.provider.AESCrypt::<init> (35 bytes)
Event: 5331.398 Thread 0x000001e39558a910 nmethod 6341 0x000001e380b1ef90 code [0x000001e380b1f140, 0x000001e380b1f3b0]
Event: 5331.398 Thread 0x000001e39558a910 6342       1       sun.security.ssl.SSLCipher$NullWriteCipherGenerator$NullWriteCipher::isNullCipher (2 bytes)
Event: 5331.398 Thread 0x000001e39558a910 nmethod 6342 0x000001e387f4ed10 code [0x000001e387f4eea0, 0x000001e387f4ef68]
Event: 5331.399 Thread 0x000001e39558a910 6343       3       java.util.Date::getMillisOf (55 bytes)
Event: 5331.400 Thread 0x000001e39558a910 nmethod 6343 0x000001e380b1f490 code [0x000001e380b1f6c0, 0x000001e380b1ffe0]
Event: 5331.400 Thread 0x000001e39558a910 6344       3       sun.security.util.DisabledAlgorithmConstraints::checkConstraints (137 bytes)
Event: 5331.402 Thread 0x000001e39558a910 nmethod 6344 0x000001e380b20290 code [0x000001e380b20560, 0x000001e380b21248]
Event: 5331.402 Thread 0x000001e39558a910 6345       3       sun.security.util.DisabledAlgorithmConstraints::getNamedCurveFromKey (68 bytes)
Event: 5331.403 Thread 0x000001e39558a910 nmethod 6345 0x000001e380b21690 code [0x000001e380b219a0, 0x000001e380b22d38]
Event: 5331.403 Thread 0x000001e39558a910 6347       3       com.mysql.cj.protocol.a.MysqlTextValueDecoder::getLong (324 bytes)
Event: 5331.406 Thread 0x000001e39558a910 nmethod 6347 0x000001e380b23290 code [0x000001e380b23600, 0x000001e380b24dd8]
Event: 5331.406 Thread 0x000001e39558a910 6348       3       com.mysql.cj.protocol.a.NativeProtocol::versionMeetsMinimum (21 bytes)
Event: 5331.407 Thread 0x000001e39558a910 nmethod 6348 0x000001e380b25690 code [0x000001e380b25860, 0x000001e380b25bf0]
Event: 5331.407 Thread 0x000001e39558a910 6349       3       com.sun.crypto.provider.GaloisCounterMode$GCMEncrypt::<init> (36 bytes)
Event: 5331.408 Thread 0x000001e39558a910 nmethod 6349 0x000001e380b25e10 code [0x000001e380b25fe0, 0x000001e380b263f8]
Event: 5331.408 Thread 0x000001e39558a910 6346   !   3       sun.security.ssl.SSLTrafficKeyDerivation$T13TrafficKeyDerivation::deriveKey (84 bytes)
Event: 5331.409 Thread 0x000001e39558a910 nmethod 6346 0x000001e380b26510 code [0x000001e380b26760, 0x000001e380b26dc8]

GC Heap History (20 events):
Event: 5.479 GC heap before
{Heap before GC invocations=2 (full 0):
 garbage-first heap   total 260096K, used 71356K [0x0000000702e00000, 0x0000000800000000)
  region size 2048K, 33 young (67584K), 1 survivors (2048K)
 Metaspace       used 21198K, committed 21504K, reserved 1114112K
  class space    used 2532K, committed 2688K, reserved 1048576K
}
Event: 5.489 GC heap after
{Heap after GC invocations=3 (full 0):
 garbage-first heap   total 260096K, used 13072K [0x0000000702e00000, 0x0000000800000000)
  region size 2048K, 4 young (8192K), 4 survivors (8192K)
 Metaspace       used 21198K, committed 21504K, reserved 1114112K
  class space    used 2532K, committed 2688K, reserved 1048576K
}
Event: 6.895 GC heap before
{Heap before GC invocations=4 (full 0):
 garbage-first heap   total 61440K, used 41744K [0x0000000702e00000, 0x0000000800000000)
  region size 2048K, 18 young (36864K), 4 survivors (8192K)
 Metaspace       used 25947K, committed 26368K, reserved 1114112K
  class space    used 3256K, committed 3456K, reserved 1048576K
}
Event: 6.911 GC heap after
{Heap after GC invocations=5 (full 0):
 garbage-first heap   total 61440K, used 16150K [0x0000000702e00000, 0x0000000800000000)
  region size 2048K, 2 young (4096K), 2 survivors (4096K)
 Metaspace       used 25947K, committed 26368K, reserved 1114112K
  class space    used 3256K, committed 3456K, reserved 1048576K
}
Event: 8.053 GC heap before
{Heap before GC invocations=5 (full 0):
 garbage-first heap   total 61440K, used 42774K [0x0000000702e00000, 0x0000000800000000)
  region size 2048K, 15 young (30720K), 2 survivors (4096K)
 Metaspace       used 31701K, committed 32256K, reserved 1114112K
  class space    used 3912K, committed 4160K, reserved 1048576K
}
Event: 8.059 GC heap after
{Heap after GC invocations=6 (full 0):
 garbage-first heap   total 61440K, used 18278K [0x0000000702e00000, 0x0000000800000000)
  region size 2048K, 2 young (4096K), 2 survivors (4096K)
 Metaspace       used 31701K, committed 32256K, reserved 1114112K
  class space    used 3912K, committed 4160K, reserved 1048576K
}
Event: 8.436 GC heap before
{Heap before GC invocations=6 (full 0):
 garbage-first heap   total 61440K, used 24422K [0x0000000702e00000, 0x0000000800000000)
  region size 2048K, 6 young (12288K), 2 survivors (4096K)
 Metaspace       used 35462K, committed 35968K, reserved 1114112K
  class space    used 4362K, committed 4608K, reserved 1048576K
}
Event: 8.440 GC heap after
{Heap after GC invocations=7 (full 0):
 garbage-first heap   total 61440K, used 18998K [0x0000000702e00000, 0x0000000800000000)
  region size 2048K, 2 young (4096K), 2 survivors (4096K)
 Metaspace       used 35462K, committed 35968K, reserved 1114112K
  class space    used 4362K, committed 4608K, reserved 1048576K
}
Event: 9.891 GC heap before
{Heap before GC invocations=8 (full 0):
 garbage-first heap   total 61440K, used 49718K [0x0000000702e00000, 0x0000000800000000)
  region size 2048K, 17 young (34816K), 2 survivors (4096K)
 Metaspace       used 42745K, committed 43200K, reserved 1114112K
  class space    used 5359K, committed 5568K, reserved 1048576K
}
Event: 9.898 GC heap after
{Heap after GC invocations=9 (full 0):
 garbage-first heap   total 61440K, used 20974K [0x0000000702e00000, 0x0000000800000000)
  region size 2048K, 3 young (6144K), 3 survivors (6144K)
 Metaspace       used 42745K, committed 43200K, reserved 1114112K
  class space    used 5359K, committed 5568K, reserved 1048576K
}
Event: 10.965 GC heap before
{Heap before GC invocations=9 (full 0):
 garbage-first heap   total 61440K, used 49646K [0x0000000702e00000, 0x0000000800000000)
  region size 2048K, 17 young (34816K), 3 survivors (6144K)
 Metaspace       used 49279K, committed 49856K, reserved 1114112K
  class space    used 6269K, committed 6528K, reserved 1048576K
}
Event: 10.973 GC heap after
{Heap after GC invocations=10 (full 0):
 garbage-first heap   total 61440K, used 21781K [0x0000000702e00000, 0x0000000800000000)
  region size 2048K, 3 young (6144K), 3 survivors (6144K)
 Metaspace       used 49279K, committed 49856K, reserved 1114112K
  class space    used 6269K, committed 6528K, reserved 1048576K
}
Event: 11.904 GC heap before
{Heap before GC invocations=10 (full 0):
 garbage-first heap   total 61440K, used 46357K [0x0000000702e00000, 0x0000000800000000)
  region size 2048K, 16 young (32768K), 3 survivors (6144K)
 Metaspace       used 56641K, committed 57216K, reserved 1114112K
  class space    used 7442K, committed 7744K, reserved 1048576K
}
Event: 11.910 GC heap after
{Heap after GC invocations=11 (full 0):
 garbage-first heap   total 61440K, used 22897K [0x0000000702e00000, 0x0000000800000000)
  region size 2048K, 2 young (4096K), 2 survivors (4096K)
 Metaspace       used 56641K, committed 57216K, reserved 1114112K
  class space    used 7442K, committed 7744K, reserved 1048576K
}
Event: 12.410 GC heap before
{Heap before GC invocations=11 (full 0):
 garbage-first heap   total 61440K, used 35185K [0x0000000702e00000, 0x0000000800000000)
  region size 2048K, 10 young (20480K), 2 survivors (4096K)
 Metaspace       used 59768K, committed 60288K, reserved 1114112K
  class space    used 7809K, committed 8064K, reserved 1048576K
}
Event: 12.416 GC heap after
{Heap after GC invocations=12 (full 0):
 garbage-first heap   total 61440K, used 24224K [0x0000000702e00000, 0x0000000800000000)
  region size 2048K, 2 young (4096K), 2 survivors (4096K)
 Metaspace       used 59768K, committed 60288K, reserved 1114112K
  class space    used 7809K, committed 8064K, reserved 1048576K
}
Event: 13.645 GC heap before
{Heap before GC invocations=13 (full 0):
 garbage-first heap   total 61440K, used 50848K [0x0000000702e00000, 0x0000000800000000)
  region size 2048K, 15 young (30720K), 2 survivors (4096K)
 Metaspace       used 63488K, committed 64128K, reserved 1114112K
  class space    used 8409K, committed 8704K, reserved 1048576K
}
Event: 13.652 GC heap after
{Heap after GC invocations=14 (full 0):
 garbage-first heap   total 61440K, used 26662K [0x0000000702e00000, 0x0000000800000000)
  region size 2048K, 2 young (4096K), 2 survivors (4096K)
 Metaspace       used 63488K, committed 64128K, reserved 1114112K
  class space    used 8409K, committed 8704K, reserved 1048576K
}
Event: 66.148 GC heap before
{Heap before GC invocations=14 (full 0):
 garbage-first heap   total 61440K, used 49190K [0x0000000702e00000, 0x0000000800000000)
  region size 2048K, 14 young (28672K), 2 survivors (4096K)
 Metaspace       used 68014K, committed 68736K, reserved 1114112K
  class space    used 9017K, committed 9344K, reserved 1048576K
}
Event: 66.159 GC heap after
{Heap after GC invocations=15 (full 0):
 garbage-first heap   total 61440K, used 27775K [0x0000000702e00000, 0x0000000800000000)
  region size 2048K, 1 young (2048K), 1 survivors (2048K)
 Metaspace       used 68014K, committed 68736K, reserved 1114112K
  class space    used 9017K, committed 9344K, reserved 1048576K
}

Dll operation events (13 events):
Event: 0.065 Loaded shared library C:\Users\SAI VARDHAN\.jdks\openjdk-21.0.2\bin\java.dll
Event: 0.067 Loaded shared library C:\Users\SAI VARDHAN\.jdks\openjdk-21.0.2\bin\zip.dll
Event: 0.147 Loaded shared library C:\Users\SAI VARDHAN\.jdks\openjdk-21.0.2\bin\jsvml.dll
Event: 0.454 Loaded shared library C:\Users\SAI VARDHAN\.jdks\openjdk-21.0.2\bin\instrument.dll
Event: 0.535 Loaded shared library C:\Users\SAI VARDHAN\.jdks\openjdk-21.0.2\bin\net.dll
Event: 0.538 Loaded shared library C:\Users\SAI VARDHAN\.jdks\openjdk-21.0.2\bin\nio.dll
Event: 0.552 Loaded shared library C:\Users\SAI VARDHAN\.jdks\openjdk-21.0.2\bin\zip.dll
Event: 0.744 Loaded shared library C:\Users\SAI VARDHAN\.jdks\openjdk-21.0.2\bin\jimage.dll
Event: 3.640 Loaded shared library C:\Users\SAI VARDHAN\.jdks\openjdk-21.0.2\bin\sunmscapi.dll
Event: 7.321 Loaded shared library C:\Users\SAI VARDHAN\.jdks\openjdk-21.0.2\bin\management.dll
Event: 7.324 Loaded shared library C:\Users\SAI VARDHAN\.jdks\openjdk-21.0.2\bin\management_ext.dll
Event: 8.033 Loaded shared library C:\Users\SAI VARDHAN\.jdks\openjdk-21.0.2\bin\extnet.dll
Event: 9.593 Loaded shared library C:\Users\SAI VARDHAN\.jdks\openjdk-21.0.2\bin\verify.dll

Deoptimization events (20 events):
Event: 4192.099 Thread 0x000001e39554ea70 DEOPT PACKING pc=0x000001e387f45ef4 sp=0x000000696c2fecc0
Event: 4192.099 Thread 0x000001e39554ea70 DEOPT UNPACKING pc=0x000001e3875846a2 sp=0x000000696c2fec90 mode 2
Event: 5319.996 Thread 0x000001e3de953b50 DEOPT PACKING pc=0x000001e3805ba2d7 sp=0x000000696a1fdb50
Event: 5319.996 Thread 0x000001e3de953b50 DEOPT UNPACKING pc=0x000001e387584e42 sp=0x000000696a1fcfe0 mode 0
Event: 5331.383 Thread 0x000001e3de952e30 DEOPT PACKING pc=0x000001e380abe75c sp=0x000000696a0fe7b0
Event: 5331.383 Thread 0x000001e3de952e30 DEOPT UNPACKING pc=0x000001e387584e42 sp=0x000000696a0fdc78 mode 1
Event: 5331.383 Thread 0x000001e3de952e30 DEOPT PACKING pc=0x000001e380acc55c sp=0x000000696a0fea80
Event: 5331.383 Thread 0x000001e3de952e30 DEOPT UNPACKING pc=0x000001e387584e42 sp=0x000000696a0fdf58 mode 1
Event: 5331.384 Thread 0x000001e3de952e30 DEOPT PACKING pc=0x000001e3800899b4 sp=0x000000696a0fe670
Event: 5331.384 Thread 0x000001e3de952e30 DEOPT UNPACKING pc=0x000001e387584e42 sp=0x000000696a0fdac0 mode 1
Event: 5331.384 Thread 0x000001e3de952e30 DEOPT PACKING pc=0x000001e380a70d04 sp=0x000000696a0fe720
Event: 5331.384 Thread 0x000001e3de952e30 DEOPT UNPACKING pc=0x000001e387584e42 sp=0x000000696a0fdbd8 mode 1
Event: 5331.384 Thread 0x000001e3de952e30 DEOPT PACKING pc=0x000001e380a33564 sp=0x000000696a0fe7d0
Event: 5331.384 Thread 0x000001e3de952e30 DEOPT UNPACKING pc=0x000001e387584e42 sp=0x000000696a0fdce0 mode 1
Event: 5331.384 Thread 0x000001e3de952e30 DEOPT PACKING pc=0x000001e380a36b24 sp=0x000000696a0fe8c0
Event: 5331.384 Thread 0x000001e3de952e30 DEOPT UNPACKING pc=0x000001e387584e42 sp=0x000000696a0fdde8 mode 1
Event: 5331.384 Thread 0x000001e3de952e30 DEOPT PACKING pc=0x000001e3804b7674 sp=0x000000696a0fe9c0
Event: 5331.384 Thread 0x000001e3de952e30 DEOPT UNPACKING pc=0x000001e387584e42 sp=0x000000696a0fde68 mode 1
Event: 5331.384 Thread 0x000001e3de952e30 DEOPT PACKING pc=0x000001e38007eb7c sp=0x000000696a0fea20
Event: 5331.384 Thread 0x000001e3de952e30 DEOPT UNPACKING pc=0x000001e387584e42 sp=0x000000696a0fdef8 mode 1

Classes loaded (20 events):
Event: 66.549 Loading class org/apache/tomcat/util/buf/HexUtils
Event: 66.549 Loading class org/apache/tomcat/util/buf/HexUtils done
Event: 66.551 Loading class org/springframework/web/method/annotation/SessionAttributesHandler
Event: 66.551 Loading class org/springframework/web/method/annotation/SessionAttributesHandler done
Event: 66.551 Loading class org/springframework/web/context/request/WebRequest
Event: 66.551 Loading class org/springframework/web/context/request/WebRequest done
Event: 1766.708 Loading class com/zaxxer/hikari/pool/HikariPool
Event: 1766.708 Loading class com/zaxxer/hikari/pool/HikariPool done
Event: 1766.708 Loading class java/sql/Connection
Event: 1766.708 Loading class java/sql/Connection done
Event: 1766.710 Loading class sun/security/ssl/Alert
Event: 1766.711 Loading class sun/security/ssl/Alert done
Event: 1766.712 Loading class sun/security/ssl/Alert$AlertConsumer
Event: 1766.712 Loading class sun/security/ssl/Alert$AlertConsumer done
Event: 1766.712 Loading class sun/security/ssl/Alert$Level
Event: 1766.712 Loading class sun/security/ssl/Alert$Level done
Event: 1766.713 Loading class sun/net/ConnectionResetException
Event: 1766.713 Loading class sun/net/ConnectionResetException done
Event: 1766.714 Loading class com/mysql/cj/interceptors/QueryInterceptor
Event: 1766.714 Loading class com/mysql/cj/interceptors/QueryInterceptor done

Classes unloaded (0 events):
No events

Classes redefined (0 events):
No events

Internal exceptions (20 events):
Event: 1797.293 Thread 0x000001e3de952e30 Exception <a 'java/io/IOException'{0x0000000705e14d88}> (0x0000000705e14d88) 
thrown [s\open\src\hotspot\share\prims\jni.cpp, line 520]
Event: 1798.272 Thread 0x000001e3de952e30 Exception <a 'java/io/IOException'{0x0000000705e17280}> (0x0000000705e17280) 
thrown [s\open\src\hotspot\share\prims\jni.cpp, line 520]
Event: 1798.272 Thread 0x000001e3de952e30 Exception <a 'java/io/IOException'{0x0000000705e17ea0}> (0x0000000705e17ea0) 
thrown [s\open\src\hotspot\share\prims\jni.cpp, line 520]
Event: 1802.729 Thread 0x000001e3de952e30 Exception <a 'java/io/IOException'{0x0000000705e1a070}> (0x0000000705e1a070) 
thrown [s\open\src\hotspot\share\prims\jni.cpp, line 520]
Event: 1802.729 Thread 0x000001e3de952e30 Exception <a 'java/io/IOException'{0x0000000705e1ac90}> (0x0000000705e1ac90) 
thrown [s\open\src\hotspot\share\prims\jni.cpp, line 520]
Event: 3539.023 Thread 0x000001e3de952e30 Exception <a 'java/io/IOException'{0x0000000705ff5928}> (0x0000000705ff5928) 
thrown [s\open\src\hotspot\share\prims\jni.cpp, line 520]
Event: 3539.023 Thread 0x000001e3de952e30 Exception <a 'java/io/IOException'{0x0000000705ff6548}> (0x0000000705ff6548) 
thrown [s\open\src\hotspot\share\prims\jni.cpp, line 520]
Event: 3556.513 Thread 0x000001e3de952e30 Exception <a 'java/io/IOException'{0x0000000705c5ec20}> (0x0000000705c5ec20) 
thrown [s\open\src\hotspot\share\prims\jni.cpp, line 520]
Event: 3556.513 Thread 0x000001e3de952e30 Exception <a 'java/io/IOException'{0x0000000705c5f840}> (0x0000000705c5f840) 
thrown [s\open\src\hotspot\share\prims\jni.cpp, line 520]
Event: 3558.378 Thread 0x000001e3de952e30 Exception <a 'java/io/IOException'{0x0000000705c61b78}> (0x0000000705c61b78) 
thrown [s\open\src\hotspot\share\prims\jni.cpp, line 520]
Event: 3558.379 Thread 0x000001e3de952e30 Exception <a 'java/io/IOException'{0x0000000705c62798}> (0x0000000705c62798) 
thrown [s\open\src\hotspot\share\prims\jni.cpp, line 520]
Event: 3560.358 Thread 0x000001e3de952e30 Exception <a 'java/io/IOException'{0x0000000705c64968}> (0x0000000705c64968) 
thrown [s\open\src\hotspot\share\prims\jni.cpp, line 520]
Event: 3560.358 Thread 0x000001e3de952e30 Exception <a 'java/io/IOException'{0x0000000705c65588}> (0x0000000705c65588) 
thrown [s\open\src\hotspot\share\prims\jni.cpp, line 520]
Event: 3560.589 Thread 0x000001e3de952e30 Exception <a 'java/io/IOException'{0x0000000705c67758}> (0x0000000705c67758) 
thrown [s\open\src\hotspot\share\prims\jni.cpp, line 520]
Event: 3560.589 Thread 0x000001e3de952e30 Exception <a 'java/io/IOException'{0x0000000705c68378}> (0x0000000705c68378) 
thrown [s\open\src\hotspot\share\prims\jni.cpp, line 520]
Event: 3562.386 Thread 0x000001e3de952e30 Exception <a 'java/io/IOException'{0x0000000705c6a570}> (0x0000000705c6a570) 
thrown [s\open\src\hotspot\share\prims\jni.cpp, line 520]
Event: 3562.870 Thread 0x000001e3de952e30 Exception <a 'java/io/IOException'{0x0000000705a3c2f0}> (0x0000000705a3c2f0) 
thrown [s\open\src\hotspot\share\prims\jni.cpp, line 520]
Event: 3579.868 Thread 0x000001e3de952e30 Exception <a 'java/io/IOException'{0x0000000705b11bf8}> (0x0000000705b11bf8) 
thrown [s\open\src\hotspot\share\prims\jni.cpp, line 520]
Event: 5331.383 Thread 0x000001e3de952e30 Exception <a 'java/io/IOException'{0x0000000705920518}> (0x0000000705920518) 
thrown [s\open\src\hotspot\share\prims\jni.cpp, line 520]
Event: 5331.384 Thread 0x000001e3de952e30 Exception <a 'java/io/IOException'{0x0000000705921138}> (0x0000000705921138) 
thrown [s\open\src\hotspot\share\prims\jni.cpp, line 520]

ZGC Phase Switch (0 events):
No events

VM Operations (20 events):
Event: 3570.935 Executing VM operation: Cleanup
Event: 3570.935 Executing VM operation: Cleanup done
Event: 3580.006 Executing VM operation: Cleanup
Event: 3580.006 Executing VM operation: Cleanup done
Event: 3601.248 Executing VM operation: Cleanup
Event: 3601.248 Executing VM operation: Cleanup done
Event: 4175.754 Executing VM operation: Cleanup
Event: 4175.754 Executing VM operation: Cleanup done
Event: 4179.800 Executing VM operation: Cleanup
Event: 4179.800 Executing VM operation: Cleanup done
Event: 4180.807 Executing VM operation: Cleanup
Event: 4180.807 Executing VM operation: Cleanup done
Event: 4187.873 Executing VM operation: Cleanup
Event: 4187.873 Executing VM operation: Cleanup done
Event: 4188.874 Executing VM operation: Cleanup
Event: 4188.874 Executing VM operation: Cleanup done
Event: 5138.112 Executing VM operation: Cleanup
Event: 5138.112 Executing VM operation: Cleanup done
Event: 5320.888 Executing VM operation: Cleanup
Event: 5320.888 Executing VM operation: Cleanup done

Events (20 events):
Event: 3567.882 Thread 0x000001e3de952e30 Thread exited: 0x000001e3de952e30
Event: 3567.944 Thread 0x000001e3de9534c0 Thread exited: 0x000001e3de9534c0
Event: 3570.314 Thread 0x000001e3de952e30 Thread added: 0x000001e3de952e30
Event: 3570.316 Thread 0x000001e3de9534c0 Thread added: 0x000001e3de9534c0
Event: 3575.318 Thread 0x000001e3de952e30 Thread exited: 0x000001e3de952e30
Event: 3575.381 Thread 0x000001e3de9534c0 Thread exited: 0x000001e3de9534c0
Event: 3579.867 Thread 0x000001e3de952e30 Thread added: 0x000001e3de952e30
Event: 3579.868 Thread 0x000001e3de9534c0 Thread added: 0x000001e3de9534c0
Event: 3584.880 Thread 0x000001e3de952e30 Thread exited: 0x000001e3de952e30
Event: 3584.942 Thread 0x000001e3de9534c0 Thread exited: 0x000001e3de9534c0
Event: 3600.256 Thread 0x000001e3de952e30 Thread added: 0x000001e3de952e30
Event: 3600.257 Thread 0x000001e3de9534c0 Thread added: 0x000001e3de9534c0
Event: 3605.269 Thread 0x000001e3de952e30 Thread exited: 0x000001e3de952e30
Event: 3605.332 Thread 0x000001e3de9534c0 Thread exited: 0x000001e3de9534c0
Event: 5319.971 Thread 0x000001e3de952e30 Thread added: 0x000001e3de952e30
Event: 5319.973 Thread 0x000001e3de953b50 Thread added: 0x000001e3de953b50
Event: 5324.981 Thread 0x000001e3de952e30 Thread exited: 0x000001e3de952e30
Event: 5325.060 Thread 0x000001e3de953b50 Thread exited: 0x000001e3de953b50
Event: 5331.381 Thread 0x000001e3de952e30 Thread added: 0x000001e3de952e30
Event: 5331.384 Thread 0x000001e3de9534c0 Thread added: 0x000001e3de9534c0


Dynamic libraries:
0x00007ff6564a0000 - 0x00007ff6564ae000 	C:\Users\SAI VARDHAN\.jdks\openjdk-21.0.2\bin\java.exe
0x00007ffee6d10000 - 0x00007ffee6f27000 	C:\Windows\SYSTEM32\ntdll.dll
0x00007ffee54b0000 - 0x00007ffee5574000 	C:\Windows\System32\KERNEL32.DLL
0x00007ffee40e0000 - 0x00007ffee4497000 	C:\Windows\System32\KERNELBASE.dll
0x00007ffee45c0000 - 0x00007ffee46d1000 	C:\Windows\System32\ucrtbase.dll
0x00007ffed8e30000 - 0x00007ffed8e4b000 	C:\Users\SAI VARDHAN\.jdks\openjdk-21.0.2\bin\VCRUNTIME140.dll
0x00007ffedaec0000 - 0x00007ffedaed8000 	C:\Users\SAI VARDHAN\.jdks\openjdk-21.0.2\bin\jli.dll
0x00007ffee5040000 - 0x00007ffee51ef000 	C:\Windows\System32\USER32.dll
0x00007ffee4780000 - 0x00007ffee47a6000 	C:\Windows\System32\win32u.dll
0x00007ffec39a0000 - 0x00007ffec3c33000 	C:\Windows\WinSxS\amd64_microsoft.windows.common-controls_6595b64144ccf1df_6.0.22621.3672_none_2713b9d173822955\COMCTL32.dll
0x00007ffee5480000 - 0x00007ffee54a9000 	C:\Windows\System32\GDI32.dll
0x00007ffee5580000 - 0x00007ffee5627000 	C:\Windows\System32\msvcrt.dll
0x00007ffee44a0000 - 0x00007ffee45b8000 	C:\Windows\System32\gdi32full.dll
0x00007ffee46e0000 - 0x00007ffee477a000 	C:\Windows\System32\msvcp_win.dll
0x00007ffee5280000 - 0x00007ffee52b1000 	C:\Windows\System32\IMM32.DLL
0x00007ffee0220000 - 0x00007ffee022c000 	C:\Users\SAI VARDHAN\.jdks\openjdk-21.0.2\bin\vcruntime140_1.dll
0x00007ffec72a0000 - 0x00007ffec732e000 	C:\Users\SAI VARDHAN\.jdks\openjdk-21.0.2\bin\msvcp140.dll
0x00007ffe678e0000 - 0x00007ffe685f7000 	C:\Users\SAI VARDHAN\.jdks\openjdk-21.0.2\bin\server\jvm.dll
0x00007ffee6790000 - 0x00007ffee6842000 	C:\Windows\System32\ADVAPI32.dll
0x00007ffee53d0000 - 0x00007ffee5478000 	C:\Windows\System32\sechost.dll
0x00007ffee49a0000 - 0x00007ffee49c8000 	C:\Windows\System32\bcrypt.dll
0x00007ffee4eb0000 - 0x00007ffee4fc4000 	C:\Windows\System32\RPCRT4.dll
0x00007ffee59b0000 - 0x00007ffee5a21000 	C:\Windows\System32\WS2_32.dll
0x00007ffee3ef0000 - 0x00007ffee3f3d000 	C:\Windows\SYSTEM32\POWRPROF.dll
0x00007ffedc3d0000 - 0x00007ffedc404000 	C:\Windows\SYSTEM32\WINMM.dll
0x00007ffedf900000 - 0x00007ffedf90a000 	C:\Windows\SYSTEM32\VERSION.dll
0x00007ffee3ed0000 - 0x00007ffee3ee3000 	C:\Windows\SYSTEM32\UMPDC.dll
0x00007ffee3030000 - 0x00007ffee3048000 	C:\Windows\SYSTEM32\kernel.appcore.dll
0x00007ffedaf60000 - 0x00007ffedaf6a000 	C:\Users\SAI VARDHAN\.jdks\openjdk-21.0.2\bin\jimage.dll
0x00007ffee1880000 - 0x00007ffee1ab2000 	C:\Windows\SYSTEM32\DBGHELP.DLL
0x00007ffee4a40000 - 0x00007ffee4dce000 	C:\Windows\System32\combase.dll
0x00007ffee4dd0000 - 0x00007ffee4ea7000 	C:\Windows\System32\OLEAUT32.dll
0x00007ffed94d0000 - 0x00007ffed9502000 	C:\Windows\SYSTEM32\dbgcore.DLL
0x00007ffee4920000 - 0x00007ffee499b000 	C:\Windows\System32\bcryptPrimitives.dll
0x00007ffec7100000 - 0x00007ffec713c000 	C:\Users\SAI VARDHAN\.jdks\openjdk-21.0.2\bin\jdwp.dll
0x00007ffed7290000 - 0x00007ffed729f000 	C:\Users\SAI VARDHAN\.jdks\openjdk-21.0.2\bin\instrument.dll
0x00007ffecdc40000 - 0x00007ffecdc5f000 	C:\Users\SAI VARDHAN\.jdks\openjdk-21.0.2\bin\java.dll
0x00007ffec7b10000 - 0x00007ffec7b28000 	C:\Users\SAI VARDHAN\.jdks\openjdk-21.0.2\bin\zip.dll
0x00007ffee5f20000 - 0x00007ffee6789000 	C:\Windows\System32\SHELL32.dll
0x00007ffee1f40000 - 0x00007ffee283f000 	C:\Windows\SYSTEM32\windows.storage.dll
0x00007ffee1e00000 - 0x00007ffee1f3f000 	C:\Windows\SYSTEM32\wintypes.dll
0x00007ffee5c40000 - 0x00007ffee5d39000 	C:\Windows\System32\SHCORE.dll
0x00007ffee5210000 - 0x00007ffee526e000 	C:\Windows\System32\shlwapi.dll
0x00007ffee3f50000 - 0x00007ffee3f77000 	C:\Windows\SYSTEM32\profapi.dll
0x00007ffec5f90000 - 0x00007ffec6067000 	C:\Users\SAI VARDHAN\.jdks\openjdk-21.0.2\bin\jsvml.dll
0x00007ffed7160000 - 0x00007ffed716c000 	C:\Users\SAI VARDHAN\.jdks\openjdk-21.0.2\bin\dt_socket.dll
0x00007ffee2ae0000 - 0x00007ffee2b0d000 	C:\Windows\SYSTEM32\IPHLPAPI.DLL
0x00007ffee3490000 - 0x00007ffee34f9000 	C:\Windows\system32\mswsock.dll
0x00007ffed8e20000 - 0x00007ffed8e30000 	C:\Users\SAI VARDHAN\.jdks\openjdk-21.0.2\bin\net.dll
0x00007ffedc830000 - 0x00007ffedc966000 	C:\Windows\SYSTEM32\WINHTTP.dll
0x00007ffec8150000 - 0x00007ffec8166000 	C:\Users\SAI VARDHAN\.jdks\openjdk-21.0.2\bin\nio.dll
0x00007ffec6c90000 - 0x00007ffec6c9e000 	C:\Users\SAI VARDHAN\.jdks\openjdk-21.0.2\bin\sunmscapi.dll
0x00007ffee47b0000 - 0x00007ffee4916000 	C:\Windows\System32\CRYPT32.dll
0x00007ffee38f0000 - 0x00007ffee391d000 	C:\Windows\SYSTEM32\ncrypt.dll
0x00007ffee38b0000 - 0x00007ffee38e7000 	C:\Windows\SYSTEM32\NTASN1.dll
0x00007ffee37e0000 - 0x00007ffee37fb000 	C:\Windows\SYSTEM32\CRYPTSP.dll
0x00007ffee2f90000 - 0x00007ffee2fc5000 	C:\Windows\system32\rsaenh.dll
0x00007ffee3530000 - 0x00007ffee3558000 	C:\Windows\SYSTEM32\USERENV.dll
0x00007ffee37c0000 - 0x00007ffee37cc000 	C:\Windows\SYSTEM32\CRYPTBASE.dll
0x00007ffee4fd0000 - 0x00007ffee4fd9000 	C:\Windows\System32\NSI.dll
0x00007ffec7290000 - 0x00007ffec729a000 	C:\Users\SAI VARDHAN\.jdks\openjdk-21.0.2\bin\management.dll
0x00007ffec70e0000 - 0x00007ffec70eb000 	C:\Users\SAI VARDHAN\.jdks\openjdk-21.0.2\bin\management_ext.dll
0x00007ffee5270000 - 0x00007ffee5278000 	C:\Windows\System32\PSAPI.DLL
0x00007ffee2b60000 - 0x00007ffee2c62000 	C:\Windows\SYSTEM32\DNSAPI.dll
0x00007ffeda3b0000 - 0x00007ffeda3ba000 	C:\Windows\System32\rasadhlp.dll
0x00007ffedb120000 - 0x00007ffedb1a3000 	C:\Windows\System32\fwpuclnt.dll
0x00007ffec6ac0000 - 0x00007ffec6ac9000 	C:\Users\SAI VARDHAN\.jdks\openjdk-21.0.2\bin\extnet.dll
0x00007ffec6ab0000 - 0x00007ffec6ac0000 	C:\Users\SAI VARDHAN\.jdks\openjdk-21.0.2\bin\verify.dll
0x00007ffecee10000 - 0x00007ffecee18000 	C:\Windows\system32\wshunix.dll

dbghelp: loaded successfully - version: 4.0.5 - missing functions: none
symbol engine: initialized successfully - sym options: 0x614 - pdb path: .;C:\Users\SAI VARDHAN\.jdks\openjdk-21.0.2\bin;C:\Windows\SYSTEM32;C:\Windows\WinSxS\amd64_microsoft.windows.common-controls_6595b64144ccf1df_6.0.22621.3672_none_2713b9d173822955;C:\Users\SAI VARDHAN\.jdks\openjdk-21.0.2\bin\server

VM Arguments:
jvm_args: -agentlib:jdwp=transport=dt_socket,address=127.0.0.1:62741,suspend=y,server=n -javaagent:C:\Users\SAIVAR~1\AppData\Local\Temp\captureAgent1jars\debugger-agent.jar -Dfile.encoding=UTF-8 -Dsun.stdout.encoding=UTF-8 -Dsun.stderr.encoding=UTF-8 
java_command: com.VendingMachine.VendingMachineApplication
java_class_path (initial): D:\project\Vending-Machine\target\classes;C:\Users\SAI VARDHAN\.m2\repository\org\springframework\boot\spring-boot-starter-data-jpa\3.3.4\spring-boot-starter-data-jpa-3.3.4.jar;C:\Users\SAI VARDHAN\.m2\repository\org\springframework\boot\spring-boot-starter-aop\3.3.4\spring-boot-starter-aop-3.3.4.jar;C:\Users\SAI VARDHAN\.m2\repository\org\springframework\spring-aop\6.1.13\spring-aop-6.1.13.jar;C:\Users\SAI VARDHAN\.m2\repository\org\aspectj\aspectjweaver\1.9.22.1\aspectjweaver-1.9.22.1.jar;C:\Users\SAI VARDHAN\.m2\repository\org\springframework\boot\spring-boot-starter-jdbc\3.3.4\spring-boot-starter-jdbc-3.3.4.jar;C:\Users\SAI VARDHAN\.m2\repository\com\zaxxer\HikariCP\5.1.0\HikariCP-5.1.0.jar;C:\Users\SAI VARDHAN\.m2\repository\org\springframework\spring-jdbc\6.1.13\spring-jdbc-6.1.13.jar;C:\Users\SAI VARDHAN\.m2\repository\org\hibernate\orm\hibernate-core\6.5.3.Final\hibernate-core-6.5.3.Final.jar;C:\Users\SAI VARDHAN\.m2\repository\jakarta\persistence\jakarta.persistence-api\3.1.0\jakarta.persistence-api-3.1.0.jar;C:\Users\SAI VARDHAN\.m2\repository\jakarta\transaction\jakarta.transaction-api\2.0.1\jakarta.transaction-api-2.0.1.jar;C:\Users\SAI VARDHAN\.m2\repository\org\jboss\logging\jboss-logging\3.5.3.Final\jboss-logging-3.5.3.Final.jar;C:\Users\SAI VARDHAN\.m2\repository\org\hibernate\common\hibernate-commons-annotations\6.0.6.Final\hibernate-commons-annotations-6.0.6.Final.jar;C:\Users\SAI VARDHAN\.m2\repository\io\smallrye\jandex\3.1.2\jandex-3.1.2.jar;C:\Users\SAI VARDHAN\.m2\repository\com\fasterxml\classmate\1.7.0\classmate-1.7.0.jar;C:\Users\SAI VARDHAN\.m2\repository\net\bytebuddy\byte-buddy\1.14.19\byte-buddy-1.14.19.jar;C:\Users\SAI VARDHAN\.m2\repository\jakarta\xml\bind\jakarta.xml.bind-api\4.0.2\jakarta.xml.bind-api-4.0.2.jar;C:\Users\SAI VARDHAN\.m2\repository\jakarta\activation\jakarta.activation-api\2.1.3\jakarta.activation-api-2.1.3.jar;C:\Users\SAI VARDHAN\.m2\repository\org\glassfish\jaxb\jaxb-runtime\4.0.5\jaxb-runtime-4.0.5.jar;C:\Users\SAI VARDHAN\.m2\repository\org\glassfish\jaxb\jaxb-core\4.0.5\jaxb-core-4.0.5.jar;C:\Users\SAI VARDHAN\.m2\repository\org\eclipse\angus\angus-activation\2.0.2\angus-activation-2.0.2.jar;C:\Users\SAI VARDHAN\.m2\repository\org\glassfish\jaxb\txw2\4.0.5\txw2-4.0.5.jar;C:\Users\SAI VARDHAN\.m2\repository\com\sun\istack\istack-commons-runtime\4.1.2\istack-commons-runtime-4.1.2.jar;C:\Users\SAI VARDHAN\.m2\repository\jakarta\inject\jakarta.inject-api\2.0.1\jakarta.inject-api-2.0.1.jar;C:\Users\SAI VARDHAN\.m2\repository\org\antlr\antlr4-runtime\4.13.0\antlr4-runtime-4.13.0.jar;C:\Users\SAI VARDHAN\.m2\repository\org\springframework\data\spring-data-jpa\3.3.4\spring-data-jpa-3.3.4.jar;C:\Users\SAI VARDHAN\.m2\repository\org\springframework\data\spring-data-commons\3.3.4\spring-data-commons-3.3.4.jar;C:\Users\SAI VARDHAN\.m2\repository\org\springframework\spring-orm\6.1.13\spring-orm-6.1.13.jar;C:\Users\SAI VARDHAN\.m2\repository\org\springframework\spring-context\6.1.13\spring-context-6.1.13.jar;C:\Users\SAI VARDHAN\.m2\repository\org\springframework\spring-tx\6.1.13\spring-tx-6.1.13.jar;C:\Users\SAI VARDHAN\.m2\repository\org\springframework\spring-beans\6.1.13\spring-beans-6.1.13.jar;C:\Users\SAI VARDHAN\.m2\repository\org\springframework\spring-core\6.1.13\spring-core-6.1.13.jar;C:\Users\SAI VARDHAN\.m2\repository\org\springframework\spring-jcl\6.1.13\spring-jcl-6.1.13.jar;C:\Users\SAI VARDHAN\.m2\repository\jakarta\annotation\jakarta.annotation-api\2.1.1\jakarta.annotation-api-2.1.1.jar;C:\Users\SAI VARDHAN\.m2\repository\org\slf4j\slf4j-api\2.0.16\slf4j-api-2.0.16.jar;C:\Users\SAI VARDHAN\.m2\repository\org\springframework\spring-aspects\6.1.13\spring-aspects-6.1.13.jar;C:\Users\SAI VARDHAN\.m2\repository\org\springframework\boot\spring-boot-starter-thymeleaf\3.3.4\spring-boot-starter-thymeleaf-3.3.4.jar;C:\Users\SAI VARDHAN\.m2\repository\org\springframework\boot\spring-boot-starter\3.3.4\spring-boot-starter-3.3.4.jar;C:\Users\SAI VARDHAN\.m2\repository\org\springframework\boot\spring-boot\3.3.4\spring-boot-3.3.4.jar;C:\Users\SAI VARDHAN\.m2\repository\org\springframework\boot\spring-boot-autoconfigure\3.3.4\spring-boot-autoconfigure-3.3.4.jar;C:\Users\SAI VARDHAN\.m2\repository\org\springframework\boot\spring-boot-starter-logging\3.3.4\spring-boot-starter-logging-3.3.4.jar;C:\Users\SAI VARDHAN\.m2\repository\ch\qos\logback\logback-classic\1.5.8\logback-classic-1.5.8.jar;C:\Users\SAI VARDHAN\.m2\repository\ch\qos\logback\logback-core\1.5.8\logback-core-1.5.8.jar;C:\Users\SAI VARDHAN\.m2\repository\org\apache\logging\log4j\log4j-to-slf4j\2.23.1\log4j-to-slf4j-2.23.1.jar;C:\Users\SAI VARDHAN\.m2\repository\org\apache\logging\log4j\log4j-api\2.23.1\log4j-api-2.23.1.jar;C:\Users\SAI VARDHAN\.m2\repository\org\slf4j\jul-to-slf4j\2.0.16\jul-to-slf4j-2.0.16.jar;C:\Users\SAI VARDHAN\.m2\repository\org\yaml\snakeyaml\2.2\snakeyaml-2.2.jar;C:\Users\SAI VARDHAN\.m2\repository\org\thymeleaf\thymeleaf-spring6\3.1.2.RELEASE\thymeleaf-spring6-3.1.2.RELEASE.jar;C:\Users\SAI VARDHAN\.m2\repository\org\thymeleaf\thymeleaf\3.1.2.RELEASE\thymeleaf-3.1.2.RELEASE.jar;C:\Users\SAI VARDHAN\.m2\repository\org\attoparser\attoparser\2.0.7.RELEASE\attoparser-2.0.7.RELEASE.jar;C:\Users\SAI VARDHAN\.m2\repository\org\unbescape\unbescape\1.1.6.RELEASE\unbescape-1.1.6.RELEASE.jar;C:\Users\SAI VARDHAN\.m2\repository\org\springframework\boot\spring-boot-starter-web\3.3.4\spring-boot-starter-web-3.3.4.jar;C:\Users\SAI VARDHAN\.m2\repository\org\springframework\boot\spring-boot-starter-json\3.3.4\spring-boot-starter-json-3.3.4.jar;C:\Users\SAI VARDHAN\.m2\repository\com\fasterxml\jackson\core\jackson-databind\2.17.2\jackson-databind-2.17.2.jar;C:\Users\SAI VARDHAN\.m2\repository\com\fasterxml\jackson\core\jackson-annotations\2.17.2\jackson-annotations-2.17.2.jar;C:\Users\SAI VARDHAN\.m2\repository\com\fasterxml\jackson\core\jackson-core\2.17.2\jackson-core-2.17.2.jar;C:\Users\SAI VARDHAN\.m2\repository\com\fasterxml\jackson\datatype\jackson-datatype-jdk8\2.17.2\jackson-datatype-jdk8-2.17.2.jar;C:\Users\SAI VARDHAN\.m2\repository\com\fasterxml\jackson\datatype\jackson-datatype-jsr310\2.17.2\jackson-datatype-jsr310-2.17.2.jar;C:\Users\SAI VARDHAN\.m2\repository\com\fasterxml\jackson\module\jackson-module-parameter-names\2.17.2\jackson-module-parameter-names-2.17.2.jar;C:\Users\SAI VARDHAN\.m2\repository\org\springframework\boot\spring-boot-starter-tomcat\3.3.4\spring-boot-starter-tomcat-3.3.4.jar;C:\Users\SAI VARDHAN\.m2\repository\org\apache\tomcat\embed\tomcat-embed-core\10.1.30\tomcat-embed-core-10.1.30.jar;C:\Users\SAI VARDHAN\.m2\repository\org\apache\tomcat\embed\tomcat-embed-el\10.1.30\tomcat-embed-el-10.1.30.jar;C:\Users\SAI VARDHAN\.m2\repository\org\apache\tomcat\embed\tomcat-embed-websocket\10.1.30\tomcat-embed-websocket-10.1.30.jar;C:\Users\SAI VARDHAN\.m2\repository\org\springframework\spring-web\6.1.13\spring-web-6.1.13.jar;C:\Users\SAI VARDHAN\.m2\repository\io\micrometer\micrometer-observation\1.13.4\micrometer-observation-1.13.4.jar;C:\Users\SAI VARDHAN\.m2\repository\io\micrometer\micrometer-commons\1.13.4\micrometer-commons-1.13.4.jar;C:\Users\SAI VARDHAN\.m2\repository\org\springframework\spring-webmvc\6.1.13\spring-webmvc-6.1.13.jar;C:\Users\SAI VARDHAN\.m2\repository\org\springframework\spring-expression\6.1.13\spring-expression-6.1.13.jar;C:\Users\SAI VARDHAN\.m2\repository\com\mysql\mysql-connector-j\8.3.0\mysql-connector-j-8.3.0.jar;C:\Users\SAI VARDHAN\.m2\repository\com\h2database\h2\2.2.224\h2-2.2.224.jar;C:\Users\SAI VARDHAN\.m2\repository\org\projectlombok\lombok\1.18.34\lombok-1.18.34.jar;C:\Program Files\JetBrains\IntelliJ IDEA Community Edition 2023.2.1\lib\idea_rt.jar
Launcher Type: SUN_STANDARD

[Global flags]
     intx CICompilerCount                          = 4                                         {product} {ergonomic}
     uint ConcGCThreads                            = 2                                         {product} {ergonomic}
     uint G1ConcRefinementThreads                  = 8                                         {product} {ergonomic}
   size_t G1HeapRegionSize                         = 2097152                                   {product} {ergonomic}
    uintx GCDrainStackTargetSize                   = 64                                        {product} {ergonomic}
   size_t InitialHeapSize                          = 266338304                                 {product} {ergonomic}
   size_t MarkStackSize                            = 4194304                                   {product} {ergonomic}
   size_t MaxHeapSize                              = 4246732800                                {product} {ergonomic}
   size_t MaxNewSize                               = 2548039680                                {product} {ergonomic}
   size_t MinHeapDeltaBytes                        = 2097152                                   {product} {ergonomic}
   size_t MinHeapSize                              = 8388608                                   {product} {ergonomic}
    uintx NonNMethodCodeHeapSize                   = 5839372                                {pd product} {ergonomic}
    uintx NonProfiledCodeHeapSize                  = 122909434                              {pd product} {ergonomic}
    uintx ProfiledCodeHeapSize                     = 122909434                              {pd product} {ergonomic}
    uintx ReservedCodeCacheSize                    = 251658240                              {pd product} {ergonomic}
     bool SegmentedCodeCache                       = true                                      {product} {ergonomic}
   size_t SoftMaxHeapSize                          = 4246732800                             {manageable} {ergonomic}
     bool UseCompressedOops                        = true                           {product lp64_product} {ergonomic}
     bool UseG1GC                                  = true                                      {product} {ergonomic}
     bool UseLargePagesIndividualAllocation        = false                                  {pd product} {ergonomic}

Logging:
Log output configuration:
 #0: stdout all=warning uptime,level,tags foldmultilines=false
 #1: stderr all=off uptime,level,tags foldmultilines=false

Environment Variables:
PATH=C:\Program Files (x86)\Common Files\Oracle\Java\javapath;C:\Python312\Scripts\;C:\Python312\;C:\oraclexe\app\oracle\product\11.2.0\server\bin;C:\Windows\system32;C:\Windows;C:\Windows\System32\Wbem;C:\Windows\System32\WindowsPowerShell\v1.0\;C:\Windows\System32\OpenSSH\;C:\ProgramData\chocolatey\bin;C:\Program Files\Git\cmd;C:\Users\SAI VARDHAN\Downloads\mongosh-2.2.3-win32-x64\mongosh-2.2.3-win32-x64\bin;;C:\Program Files\Docker\Docker\resources\bin;C:\Program Files\dotnet\;C:\Program Files\nodejs\;C:\Users\SAI VARDHAN\AppData\Local\Programs\Python\Python311\Scripts\;C:\Users\SAI VARDHAN\AppData\Local\Programs\Python\Python311\;C:\Users\SAI VARDHAN\AppData\Local\Microsoft\WindowsApps;C:\Program Files\JetBrains\IntelliJ IDEA Community Edition 2023.2.1\bin;;C:\Users\SAI VARDHAN\AppData\Local\Programs\Microsoft VS Code\bin;C:\Program Files\Java\jdk1.8.0_202\bin;C:\Users\SAI VARDHAN\AppData\Local\GitHubDesktop\bin;D:\python\selenium\pycharm\bin;;C:\Users\SAI VARDHAN\AppData\Roaming\npm
USERNAME=SAI VARDHAN
OS=Windows_NT
PROCESSOR_IDENTIFIER=Intel64 Family 6 Model 142 Stepping 12, GenuineIntel
TMP=C:\Users\SAIVAR~1\AppData\Local\Temp
TEMP=C:\Users\SAIVAR~1\AppData\Local\Temp




Periodic native trim disabled

---------------  S Y S T E M  ---------------

OS:
 Windows 11 , 64 bit Build 22621 (10.0.22621.3958)
OS uptime: 1 days 2:15 hours
Hyper-V role detected

CPU: total 8 (initial active 8) (4 cores per cpu, 2 threads per core) family 6 model 142 stepping 12 microcode 0xfa, cx8, cmov, fxsr, ht, mmx, 3dnowpref, sse, sse2, sse3, ssse3, sse4.1, sse4.2, popcnt, lzcnt, tsc, tscinvbit, avx, avx2, aes, erms, clmul, bmi1, bmi2, adx, fma, vzeroupper, clflush, clflushopt, hv, rdtscp, f16c
Processor Information for all 8 processors :
  Max Mhz: 2112, Current Mhz: 1910, Mhz Limit: 1900

Memory: 4k page, system-wide physical 16198M (3500M free)
TotalPageFile size 18699M (AvailPageFile size 5M)
current process WorkingSet (physical memory assigned to process): 81M, peak: 312M
current process commit charge ("private bytes"): 279M, peak: 426M

vm_info: OpenJDK 64-Bit Server VM (21.0.2+13-58) for windows-amd64 JRE (21.0.2+13-58), built on 2024-01-05T18:32:24Z by "mach5one" with MS VC++ 17.1 (VS2022)

END.
